cl : Command line warning D9035: option 'Gm' has been deprecated and will be removed in a future release
  Assignment 3.cpp
c:\users\vanistor\desktop\university files\co1301 - games concepts\assignment 3\assignment 3\assignment 3.cpp(132): warning C4244: 'argument': conversion from 'int' to 'const float', possible loss of data
c:\users\vanistor\desktop\university files\co1301 - games concepts\assignment 3\assignment 3\assignment 3.cpp(141): warning C4244: 'argument': conversion from 'int' to 'const float', possible loss of data
c:\users\vanistor\desktop\university files\co1301 - games concepts\assignment 3\assignment 3\assignment 3.cpp(146): warning C4244: 'argument': conversion from 'int' to 'const float', possible loss of data
c:\users\vanistor\desktop\university files\co1301 - games concepts\assignment 3\assignment 3\assignment 3.cpp(155): warning C4244: 'argument': conversion from 'int' to 'const float', possible loss of data
c:\users\vanistor\desktop\university files\co1301 - games concepts\assignment 3\assignment 3\assignment 3.cpp(158): warning C4244: 'argument': conversion from 'int' to 'const float', possible loss of data
c:\users\vanistor\desktop\university files\co1301 - games concepts\assignment 3\assignment 3\assignment 3.cpp(353): warning C4244: 'argument': conversion from 'float' to 'const int', possible loss of data
c:\users\vanistor\desktop\university files\co1301 - games concepts\assignment 3\assignment 3\assignment 3.cpp(370): warning C4244: 'argument': conversion from 'float' to 'const int', possible loss of data
c:\users\vanistor\desktop\university files\co1301 - games concepts\assignment 3\assignment 3\assignment 3.cpp(469): warning C4553: '==': result of expression not used; did you intend '='?
c:\users\vanistor\desktop\university files\co1301 - games concepts\assignment 3\assignment 3\assignment 3.cpp(487): warning C4553: '==': result of expression not used; did you intend '='?
c:\users\vanistor\desktop\university files\co1301 - games concepts\assignment 3\assignment 3\assignment 3.cpp(526): warning C4244: '=': conversion from 'float' to 'int', possible loss of data
c:\users\vanistor\desktop\university files\co1301 - games concepts\assignment 3\assignment 3\assignment 3.cpp(528): warning C4244: '=': conversion from 'double' to 'int', possible loss of data
c:\users\vanistor\desktop\university files\co1301 - games concepts\assignment 3\assignment 3\assignment 3.cpp(534): warning C4244: 'argument': conversion from 'float' to 'const int', possible loss of data
c:\users\vanistor\desktop\university files\co1301 - games concepts\assignment 3\assignment 3\assignment 3.cpp(568): warning C4244: 'argument': conversion from 'int' to 'float', possible loss of data
c:\users\vanistor\desktop\university files\co1301 - games concepts\assignment 3\assignment 3\assignment 3.cpp(579): warning C4244: 'argument': conversion from 'int' to 'float', possible loss of data
c:\users\vanistor\desktop\university files\co1301 - games concepts\assignment 3\assignment 3\assignment 3.cpp(589): warning C4244: 'argument': conversion from 'int' to 'float', possible loss of data
c:\users\vanistor\desktop\university files\co1301 - games concepts\assignment 3\assignment 3\assignment 3.cpp(613): warning C4244: 'argument': conversion from 'int' to 'float', possible loss of data
c:\users\vanistor\desktop\university files\co1301 - games concepts\assignment 3\assignment 3\assignment 3.cpp(624): warning C4244: 'argument': conversion from 'int' to 'float', possible loss of data
c:\users\vanistor\desktop\university files\co1301 - games concepts\assignment 3\assignment 3\assignment 3.cpp(634): warning C4244: 'argument': conversion from 'int' to 'float', possible loss of data
c:\users\vanistor\desktop\university files\co1301 - games concepts\assignment 3\assignment 3\assignment 3.cpp(648): warning C4244: 'argument': conversion from 'int' to 'float', possible loss of data
c:\users\vanistor\desktop\university files\co1301 - games concepts\assignment 3\assignment 3\assignment 3.cpp(667): warning C4244: 'argument': conversion from 'int' to 'float', possible loss of data
c:\users\vanistor\desktop\university files\co1301 - games concepts\assignment 3\assignment 3\assignment 3.cpp(686): warning C4244: 'argument': conversion from 'int' to 'float', possible loss of data
c:\users\vanistor\desktop\university files\co1301 - games concepts\assignment 3\assignment 3\assignment 3.cpp(705): warning C4244: 'argument': conversion from 'int' to 'float', possible loss of data
c:\users\vanistor\desktop\university files\co1301 - games concepts\assignment 3\assignment 3\assignment 3.cpp(724): warning C4244: 'argument': conversion from 'int' to 'float', possible loss of data
c:\users\vanistor\desktop\university files\co1301 - games concepts\assignment 3\assignment 3\assignment 3.cpp(734): warning C4244: 'argument': conversion from 'float' to 'const int', possible loss of data
c:\users\vanistor\desktop\university files\co1301 - games concepts\assignment 3\assignment 3\assignment 3.cpp(758): warning C4244: 'argument': conversion from 'float' to 'const int', possible loss of data
  Assignment 3.vcxproj -> C:\Users\VANistor\Desktop\University files\CO1301 - Games Concepts\Assignment 3\Assignment 3\\Assignment 3Debug.exe
  Copying DLLs & shaders...
